<?xml version="1.0" encoding="UTF-8"?>
<!-- Generated by org.testng.reporters.JUnitXMLReporter -->
<testsuite ignored="3" hostname="MahmudaLaptop" failures="0" tests="1" name="Default test" time="6.306" errors="0" timestamp="2023-01-02T21:54:30 EST">
  <testcase classname="testPages.HomePageTest" name="sendKeysInSearchengine02Test" time="0.136"/>
  <testcase classname="testPages.HomePageTest" name="clickSignInButtonTest" time="0.0">
    <ignored/>
  </testcase> <!-- clickSignInButtonTest -->
  <testcase classname="testPages.HomePageTest" name="clickLogoElement01Test" time="0.0">
    <ignored/>
  </testcase> <!-- clickLogoElement01Test -->
  <testcase classname="testPages.HomePageTest" name="sendKeysInSearchengineTest" time="0.0">
    <ignored/>
  </testcase> <!-- sendKeysInSearchengineTest -->
</testsuite> <!-- Default test -->
