<?xml version="1.0" encoding="UTF-8"?>
<testng-results ignored="3" total="4" passed="1" failed="0" skipped="0">
  <reporter-output>
  </reporter-output>
  <suite started-at="2023-01-02T21:54:23 EST" name="Default suite" finished-at="2023-01-02T21:54:30 EST" duration-ms="6306">
    <groups>
    </groups>
    <test started-at="2023-01-02T21:54:23 EST" name="Default test" finished-at="2023-01-02T21:54:30 EST" duration-ms="6306">
      <class name="testPages.HomePageTest">
        <test-method is-config="true" signature="setUp()[pri:0, instance:testPages.HomePageTest@51c668e3]" started-at="2023-01-02T21:54:23 EST" name="setUp" finished-at="2023-01-02T21:54:29 EST" duration-ms="5853" status="PASS">
          <reporter-output>
          </reporter-output>
        </test-method> <!-- setUp -->
        <test-method signature="sendKeysInSearchengine02Test()[pri:0, instance:testPages.HomePageTest@51c668e3]" started-at="2023-01-02T21:54:29 EST" name="sendKeysInSearchengine02Test" finished-at="2023-01-02T21:54:29 EST" duration-ms="136" status="PASS">
          <reporter-output>
          </reporter-output>
        </test-method> <!-- sendKeysInSearchengine02Test -->
        <test-method is-config="true" signature="tearUp()[pri:0, instance:testPages.HomePageTest@51c668e3]" started-at="2023-01-02T21:54:29 EST" name="tearUp" finished-at="2023-01-02T21:54:30 EST" duration-ms="253" status="PASS">
          <reporter-output>
          </reporter-output>
        </test-method> <!-- tearUp -->
      </class> <!-- testPages.HomePageTest -->
    </test> <!-- Default test -->
  </suite> <!-- Default suite -->
</testng-results>
